[2019-01-28 15:25:37.872] [exthost] [info] extension host started
[2019-01-28 15:25:37.894] [exthost] [info] ExtensionService#_doActivateExtension vscode.debug-auto-launch {"startup":true,"activationEvent":"*"}
[2019-01-28 15:25:37.894] [exthost] [info] ExtensionService#loadCommonJSModule c:\Users\AzadKillaz94\AppData\Local\Programs\Microsoft VS Code\resources\app\extensions\debug-auto-launch\dist\extension
[2019-01-28 15:25:37.898] [exthost] [info] ExtensionService#_doActivateExtension vscode.emmet {"startup":true,"activationEvent":"*"}
[2019-01-28 15:25:37.898] [exthost] [info] ExtensionService#loadCommonJSModule c:\Users\AzadKillaz94\AppData\Local\Programs\Microsoft VS Code\resources\app\extensions\emmet\dist\extension
[2019-01-28 15:25:37.907] [exthost] [info] ExtensionService#_doActivateExtension vscode.git {"startup":true,"activationEvent":"*"}
[2019-01-28 15:25:37.907] [exthost] [info] ExtensionService#loadCommonJSModule c:\Users\AzadKillaz94\AppData\Local\Programs\Microsoft VS Code\resources\app\extensions\git\dist\main
[2019-01-28 15:25:37.948] [exthost] [info] ExtensionService#_doActivateExtension vscode.merge-conflict {"startup":true,"activationEvent":"*"}
[2019-01-28 15:25:37.948] [exthost] [info] ExtensionService#loadCommonJSModule c:\Users\AzadKillaz94\AppData\Local\Programs\Microsoft VS Code\resources\app\extensions\merge-conflict\dist\extension
[2019-01-28 15:25:37.957] [exthost] [info] ExtensionService#_doActivateExtension vscode.typescript-language-features {"startup":false,"activationEvent":"onLanguage:javascript"}
[2019-01-28 15:25:37.957] [exthost] [info] ExtensionService#loadCommonJSModule c:\Users\AzadKillaz94\AppData\Local\Programs\Microsoft VS Code\resources\app\extensions\typescript-language-features\dist\extension
[2019-01-28 15:25:37.985] [exthost] [info] ExtensionService#_doActivateExtension vscode.html-language-features {"startup":false,"activationEvent":"onLanguage:html"}
[2019-01-28 15:25:37.985] [exthost] [info] ExtensionService#loadCommonJSModule c:\Users\AzadKillaz94\AppData\Local\Programs\Microsoft VS Code\resources\app\extensions\html-language-features\client\dist\htmlMain
[2019-01-28 15:25:38.000] [exthost] [info] eager extensions activated
[2019-01-28 15:28:00.707] [exthost] [info] extension host started
[2019-01-28 15:28:00.730] [exthost] [info] ExtensionService#_doActivateExtension vscode.debug-auto-launch {"startup":true,"activationEvent":"*"}
[2019-01-28 15:28:00.730] [exthost] [info] ExtensionService#loadCommonJSModule c:\Users\AzadKillaz94\AppData\Local\Programs\Microsoft VS Code\resources\app\extensions\debug-auto-launch\dist\extension
[2019-01-28 15:28:00.733] [exthost] [info] ExtensionService#_doActivateExtension vscode.emmet {"startup":true,"activationEvent":"*"}
[2019-01-28 15:28:00.733] [exthost] [info] ExtensionService#loadCommonJSModule c:\Users\AzadKillaz94\AppData\Local\Programs\Microsoft VS Code\resources\app\extensions\emmet\dist\extension
[2019-01-28 15:28:00.739] [exthost] [info] ExtensionService#_doActivateExtension vscode.git {"startup":true,"activationEvent":"*"}
[2019-01-28 15:28:00.739] [exthost] [info] ExtensionService#loadCommonJSModule c:\Users\AzadKillaz94\AppData\Local\Programs\Microsoft VS Code\resources\app\extensions\git\dist\main
[2019-01-28 15:28:00.761] [exthost] [info] ExtensionService#_doActivateExtension vscode.merge-conflict {"startup":true,"activationEvent":"*"}
[2019-01-28 15:28:00.761] [exthost] [info] ExtensionService#loadCommonJSModule c:\Users\AzadKillaz94\AppData\Local\Programs\Microsoft VS Code\resources\app\extensions\merge-conflict\dist\extension
[2019-01-28 15:28:00.766] [exthost] [info] eager extensions activated
[2019-01-28 15:29:23.421] [exthost] [info] ExtensionService#_doActivateExtension vscode.html-language-features {"startup":false,"activationEvent":"onLanguage:html"}
[2019-01-28 15:29:23.421] [exthost] [info] ExtensionService#loadCommonJSModule c:\Users\AzadKillaz94\AppData\Local\Programs\Microsoft VS Code\resources\app\extensions\html-language-features\client\dist\htmlMain
[2019-01-28 15:41:56.712] [exthost] [info] ExtensionService#_doActivateExtension vscode.typescript-language-features {"startup":false,"activationEvent":"onLanguage:javascript"}
[2019-01-28 15:41:56.712] [exthost] [info] ExtensionService#loadCommonJSModule c:\Users\AzadKillaz94\AppData\Local\Programs\Microsoft VS Code\resources\app\extensions\typescript-language-features\dist\extension
[2019-01-28 16:18:25.072] [exthost] [info] ExtensionService#_doActivateExtension vscode.extension-editing {"startup":false,"activationEvent":"onLanguage:typescript"}
[2019-01-28 16:18:25.072] [exthost] [info] ExtensionService#loadCommonJSModule c:\Users\AzadKillaz94\AppData\Local\Programs\Microsoft VS Code\resources\app\extensions\extension-editing\dist\extension
[2019-01-28 16:34:29.482] [exthost] [error] [vscode.typescript-language-features] provider FAILED
[2019-01-28 16:34:29.483] [exthost] [error] TypeError: Cannot read property 'displayParts' of undefined
	at w.resolveCompletionItem (c:\Users\AzadKillaz94\AppData\Local\Programs\Microsoft VS Code\resources\app\extensions\typescript-language-features\dist\extension.js:1:99177)
	at <anonymous>
[2019-01-28 16:34:57.247] [exthost] [error] [vscode.typescript-language-features] provider FAILED
[2019-01-28 16:34:57.247] [exthost] [error] TypeError: Cannot read property 'displayParts' of undefined
	at w.resolveCompletionItem (c:\Users\AzadKillaz94\AppData\Local\Programs\Microsoft VS Code\resources\app\extensions\typescript-language-features\dist\extension.js:1:99177)
	at <anonymous>
[2019-01-28 16:34:58.031] [exthost] [error] [vscode.typescript-language-features] provider FAILED
[2019-01-28 16:34:58.031] [exthost] [error] TypeError: Cannot read property 'displayParts' of undefined
	at w.resolveCompletionItem (c:\Users\AzadKillaz94\AppData\Local\Programs\Microsoft VS Code\resources\app\extensions\typescript-language-features\dist\extension.js:1:99177)
	at <anonymous>
[2019-01-28 16:51:18.244] [exthost] [error] [vscode.typescript-language-features] provider FAILED
[2019-01-28 16:51:18.244] [exthost] [error] TypeError: Cannot read property 'displayParts' of undefined
	at w.resolveCompletionItem (c:\Users\AzadKillaz94\AppData\Local\Programs\Microsoft VS Code\resources\app\extensions\typescript-language-features\dist\extension.js:1:99177)
	at <anonymous>
[2019-01-28 16:52:46.068] [exthost] [error] [vscode.typescript-language-features] provider FAILED
[2019-01-28 16:52:46.068] [exthost] [error] TypeError: Cannot read property 'displayParts' of undefined
	at w.resolveCompletionItem (c:\Users\AzadKillaz94\AppData\Local\Programs\Microsoft VS Code\resources\app\extensions\typescript-language-features\dist\extension.js:1:99177)
	at <anonymous>
[2019-01-28 16:54:55.003] [exthost] [error] [vscode.typescript-language-features] provider FAILED
[2019-01-28 16:54:55.003] [exthost] [error] TypeError: Cannot read property 'displayParts' of undefined
	at w.resolveCompletionItem (c:\Users\AzadKillaz94\AppData\Local\Programs\Microsoft VS Code\resources\app\extensions\typescript-language-features\dist\extension.js:1:99177)
	at <anonymous>
[2019-01-28 16:55:10.114] [exthost] [error] [vscode.typescript-language-features] provider FAILED
[2019-01-28 16:55:10.114] [exthost] [error] TypeError: Cannot read property 'displayParts' of undefined
	at w.resolveCompletionItem (c:\Users\AzadKillaz94\AppData\Local\Programs\Microsoft VS Code\resources\app\extensions\typescript-language-features\dist\extension.js:1:99177)
	at <anonymous>
[2019-01-28 17:09:08.355] [exthost] [error] [vscode.typescript-language-features] provider FAILED
[2019-01-28 17:09:08.355] [exthost] [error] TypeError: Cannot read property 'displayParts' of undefined
	at w.resolveCompletionItem (c:\Users\AzadKillaz94\AppData\Local\Programs\Microsoft VS Code\resources\app\extensions\typescript-language-features\dist\extension.js:1:99177)
	at <anonymous>
[2019-01-28 17:09:09.380] [exthost] [error] [vscode.typescript-language-features] provider FAILED
[2019-01-28 17:09:09.380] [exthost] [error] TypeError: Cannot read property 'displayParts' of undefined
	at w.resolveCompletionItem (c:\Users\AzadKillaz94\AppData\Local\Programs\Microsoft VS Code\resources\app\extensions\typescript-language-features\dist\extension.js:1:99177)
	at <anonymous>
[2019-01-28 17:12:36.263] [exthost] [error] [vscode.typescript-language-features] provider FAILED
[2019-01-28 17:12:36.263] [exthost] [error] TypeError: Cannot read property 'displayParts' of undefined
	at w.resolveCompletionItem (c:\Users\AzadKillaz94\AppData\Local\Programs\Microsoft VS Code\resources\app\extensions\typescript-language-features\dist\extension.js:1:99177)
	at <anonymous>
[2019-01-28 17:25:01.646] [exthost] [error] [vscode.typescript-language-features] provider FAILED
[2019-01-28 17:25:01.646] [exthost] [error] TypeError: Cannot read property 'displayParts' of undefined
	at w.resolveCompletionItem (c:\Users\AzadKillaz94\AppData\Local\Programs\Microsoft VS Code\resources\app\extensions\typescript-language-features\dist\extension.js:1:99177)
	at <anonymous>
[2019-01-28 17:26:58.346] [exthost] [error] [vscode.typescript-language-features] provider FAILED
[2019-01-28 17:26:58.346] [exthost] [error] TypeError: Cannot read property 'displayParts' of undefined
	at w.resolveCompletionItem (c:\Users\AzadKillaz94\AppData\Local\Programs\Microsoft VS Code\resources\app\extensions\typescript-language-features\dist\extension.js:1:99177)
	at <anonymous>
[2019-01-28 17:27:37.921] [exthost] [error] [vscode.typescript-language-features] provider FAILED
[2019-01-28 17:27:37.921] [exthost] [error] TypeError: Cannot read property 'displayParts' of undefined
	at w.resolveCompletionItem (c:\Users\AzadKillaz94\AppData\Local\Programs\Microsoft VS Code\resources\app\extensions\typescript-language-features\dist\extension.js:1:99177)
	at <anonymous>
[2019-01-28 17:37:24.827] [exthost] [error] [vscode.typescript-language-features] provider FAILED
[2019-01-28 17:37:24.827] [exthost] [error] TypeError: Cannot read property 'displayParts' of undefined
	at w.resolveCompletionItem (c:\Users\AzadKillaz94\AppData\Local\Programs\Microsoft VS Code\resources\app\extensions\typescript-language-features\dist\extension.js:1:99177)
	at <anonymous>
[2019-01-28 17:41:19.982] [exthost] [error] [vscode.typescript-language-features] provider FAILED
[2019-01-28 17:41:19.982] [exthost] [error] TypeError: Cannot read property 'displayParts' of undefined
	at w.resolveCompletionItem (c:\Users\AzadKillaz94\AppData\Local\Programs\Microsoft VS Code\resources\app\extensions\typescript-language-features\dist\extension.js:1:99177)
	at <anonymous>
[2019-01-28 17:41:25.001] [exthost] [error] [vscode.typescript-language-features] provider FAILED
[2019-01-28 17:41:25.001] [exthost] [error] TypeError: Cannot read property 'displayParts' of undefined
	at w.resolveCompletionItem (c:\Users\AzadKillaz94\AppData\Local\Programs\Microsoft VS Code\resources\app\extensions\typescript-language-features\dist\extension.js:1:99177)
	at <anonymous>
[2019-01-28 17:48:08.578] [exthost] [error] [vscode.typescript-language-features] provider FAILED
[2019-01-28 17:48:08.578] [exthost] [error] TypeError: Cannot read property 'displayParts' of undefined
	at w.resolveCompletionItem (c:\Users\AzadKillaz94\AppData\Local\Programs\Microsoft VS Code\resources\app\extensions\typescript-language-features\dist\extension.js:1:99177)
	at <anonymous>
[2019-01-28 17:49:03.727] [exthost] [error] [vscode.typescript-language-features] provider FAILED
[2019-01-28 17:49:03.727] [exthost] [error] TypeError: Cannot read property 'displayParts' of undefined
	at w.resolveCompletionItem (c:\Users\AzadKillaz94\AppData\Local\Programs\Microsoft VS Code\resources\app\extensions\typescript-language-features\dist\extension.js:1:99177)
	at <anonymous>
[2019-01-28 17:49:09.133] [exthost] [error] [vscode.typescript-language-features] provider FAILED
[2019-01-28 17:49:09.133] [exthost] [error] TypeError: Cannot read property 'displayParts' of undefined
	at w.resolveCompletionItem (c:\Users\AzadKillaz94\AppData\Local\Programs\Microsoft VS Code\resources\app\extensions\typescript-language-features\dist\extension.js:1:99177)
	at <anonymous>
[2019-01-28 17:49:23.763] [exthost] [error] [vscode.typescript-language-features] provider FAILED
[2019-01-28 17:49:23.763] [exthost] [error] TypeError: Cannot read property 'displayParts' of undefined
	at w.resolveCompletionItem (c:\Users\AzadKillaz94\AppData\Local\Programs\Microsoft VS Code\resources\app\extensions\typescript-language-features\dist\extension.js:1:99177)
	at <anonymous>
[2019-01-28 17:49:24.020] [exthost] [error] [vscode.typescript-language-features] provider FAILED
[2019-01-28 17:49:24.020] [exthost] [error] TypeError: Cannot read property 'displayParts' of undefined
	at w.resolveCompletionItem (c:\Users\AzadKillaz94\AppData\Local\Programs\Microsoft VS Code\resources\app\extensions\typescript-language-features\dist\extension.js:1:99177)
	at <anonymous>
[2019-01-28 17:49:31.094] [exthost] [error] [vscode.typescript-language-features] provider FAILED
[2019-01-28 17:49:31.094] [exthost] [error] TypeError: Cannot read property 'displayParts' of undefined
	at w.resolveCompletionItem (c:\Users\AzadKillaz94\AppData\Local\Programs\Microsoft VS Code\resources\app\extensions\typescript-language-features\dist\extension.js:1:99177)
	at <anonymous>
[2019-01-28 17:49:56.928] [exthost] [error] [vscode.typescript-language-features] provider FAILED
[2019-01-28 17:49:56.928] [exthost] [error] TypeError: Cannot read property 'displayParts' of undefined
	at w.resolveCompletionItem (c:\Users\AzadKillaz94\AppData\Local\Programs\Microsoft VS Code\resources\app\extensions\typescript-language-features\dist\extension.js:1:99177)
	at <anonymous>
[2019-01-28 17:50:11.306] [exthost] [error] [vscode.typescript-language-features] provider FAILED
[2019-01-28 17:50:11.306] [exthost] [error] TypeError: Cannot read property 'displayParts' of undefined
	at w.resolveCompletionItem (c:\Users\AzadKillaz94\AppData\Local\Programs\Microsoft VS Code\resources\app\extensions\typescript-language-features\dist\extension.js:1:99177)
	at <anonymous>
[2019-01-28 18:01:23.898] [exthost] [error] [vscode.typescript-language-features] provider FAILED
[2019-01-28 18:01:23.898] [exthost] [error] TypeError: Cannot read property 'displayParts' of undefined
	at w.resolveCompletionItem (c:\Users\AzadKillaz94\AppData\Local\Programs\Microsoft VS Code\resources\app\extensions\typescript-language-features\dist\extension.js:1:99177)
	at <anonymous>
[2019-01-28 18:01:31.097] [exthost] [error] [vscode.typescript-language-features] provider FAILED
[2019-01-28 18:01:31.098] [exthost] [error] TypeError: Cannot read property 'displayParts' of undefined
	at w.resolveCompletionItem (c:\Users\AzadKillaz94\AppData\Local\Programs\Microsoft VS Code\resources\app\extensions\typescript-language-features\dist\extension.js:1:99177)
	at <anonymous>
[2019-01-28 18:02:13.924] [exthost] [error] [vscode.typescript-language-features] provider FAILED
[2019-01-28 18:02:13.924] [exthost] [error] TypeError: Cannot read property 'displayParts' of undefined
	at w.resolveCompletionItem (c:\Users\AzadKillaz94\AppData\Local\Programs\Microsoft VS Code\resources\app\extensions\typescript-language-features\dist\extension.js:1:99177)
	at <anonymous>
