[2019-01-18 15:52:38.271] [renderer1] [info] standard startup
[2019-01-18 15:53:27.188] [renderer1] [error] An unknown error occurred. Please consult the log for more details.
[2019-01-18 15:53:35.211] [renderer1] [error] Error processing request. No Project.
Error: No Project.
    at Object.ThrowNoProject (c:\Users\AzadKillaz94\AppData\Local\Programs\Microsoft VS Code\resources\app\extensions\node_modules\typescript\lib\tsserver.js:119984:23)
    at ProjectService.doEnsureDefaultProjectForFile (c:\Users\AzadKillaz94\AppData\Local\Programs\Microsoft VS Code\resources\app\extensions\node_modules\typescript\lib\tsserver.js:122367:131)
    at ProjectService.ensureDefaultProjectForFile (c:\Users\AzadKillaz94\AppData\Local\Programs\Microsoft VS Code\resources\app\extensions\node_modules\typescript\lib\tsserver.js:122362:75)
    at IOSession.Session.getFileAndProjectWorker (c:\Users\AzadKillaz94\AppData\Local\Programs\Microsoft VS Code\resources\app\extensions\node_modules\typescript\lib\tsserver.js:125176:87)
    at IOSession.Session.getFileAndProject (c:\Users\AzadKillaz94\AppData\Local\Programs\Microsoft VS Code\resources\app\extensions\node_modules\typescript\lib\tsserver.js:125161:29)
    at IOSession.Session.getJsxClosingTag (c:\Users\AzadKillaz94\AppData\Local\Programs\Microsoft VS Code\resources\app\extensions\node_modules\typescript\lib\tsserver.js:124993:31)
    at Session.handlers.ts.createMapFromTemplate._a.(anonymous function) (c:\Users\AzadKillaz94\AppData\Local\Programs\Microsoft VS Code\resources\app\extensions\node_modules\typescript\lib\tsserver.js:124458:61)
    at c:\Users\AzadKillaz94\AppData\Local\Programs\Microsoft VS Code\resources\app\extensions\node_modules\typescript\lib\tsserver.js:125824:88
    at IOSession.Session.executeWithRequestId (c:\Users\AzadKillaz94\AppData\Local\Programs\Microsoft VS Code\resources\app\extensions\node_modules\typescript\lib\tsserver.js:125815:28)
    at IOSession.Session.executeCommand (c:\Users\AzadKillaz94\AppData\Local\Programs\Microsoft VS Code\resources\app\extensions\node_modules\typescript\lib\tsserver.js:125824:33)
    at IOSession.Session.onMessage (c:\Users\AzadKillaz94\AppData\Local\Programs\Microsoft VS Code\resources\app\extensions\node_modules\typescript\lib\tsserver.js:125846:35)
    at Interface.<anonymous> (c:\Users\AzadKillaz94\AppData\Local\Programs\Microsoft VS Code\resources\app\extensions\node_modules\typescript\lib\tsserver.js:127106:27)
    at emitOne (events.js:116:13)
    at Interface.emit (events.js:211:7)
    at Interface._onLine (readline.js:282:10)
    at Interface._normalWrite (readline.js:424:12)
    at Socket.ondata (readline.js:141:10)
    at emitOne (events.js:116:13)
    at Socket.emit (events.js:211:7)
    at addChunk (_stream_readable.js:263:12)
    at readableAddChunk (_stream_readable.js:250:11)
    at Socket.Readable.push (_stream_readable.js:208:10)
    at Pipe.onread (net.js:594:20)
[2019-01-18 15:53:47.761] [renderer1] [error] Error processing request. No Project.
Error: No Project.
    at Object.ThrowNoProject (c:\Users\AzadKillaz94\AppData\Local\Programs\Microsoft VS Code\resources\app\extensions\node_modules\typescript\lib\tsserver.js:119984:23)
    at ProjectService.doEnsureDefaultProjectForFile (c:\Users\AzadKillaz94\AppData\Local\Programs\Microsoft VS Code\resources\app\extensions\node_modules\typescript\lib\tsserver.js:122367:131)
    at ProjectService.ensureDefaultProjectForFile (c:\Users\AzadKillaz94\AppData\Local\Programs\Microsoft VS Code\resources\app\extensions\node_modules\typescript\lib\tsserver.js:122362:75)
    at IOSession.Session.getFileAndProjectWorker (c:\Users\AzadKillaz94\AppData\Local\Programs\Microsoft VS Code\resources\app\extensions\node_modules\typescript\lib\tsserver.js:125176:87)
    at IOSession.Session.getFileAndProject (c:\Users\AzadKillaz94\AppData\Local\Programs\Microsoft VS Code\resources\app\extensions\node_modules\typescript\lib\tsserver.js:125161:29)
    at IOSession.Session.getJsxClosingTag (c:\Users\AzadKillaz94\AppData\Local\Programs\Microsoft VS Code\resources\app\extensions\node_modules\typescript\lib\tsserver.js:124993:31)
    at Session.handlers.ts.createMapFromTemplate._a.(anonymous function) (c:\Users\AzadKillaz94\AppData\Local\Programs\Microsoft VS Code\resources\app\extensions\node_modules\typescript\lib\tsserver.js:124458:61)
    at c:\Users\AzadKillaz94\AppData\Local\Programs\Microsoft VS Code\resources\app\extensions\node_modules\typescript\lib\tsserver.js:125824:88
    at IOSession.Session.executeWithRequestId (c:\Users\AzadKillaz94\AppData\Local\Programs\Microsoft VS Code\resources\app\extensions\node_modules\typescript\lib\tsserver.js:125815:28)
    at IOSession.Session.executeCommand (c:\Users\AzadKillaz94\AppData\Local\Programs\Microsoft VS Code\resources\app\extensions\node_modules\typescript\lib\tsserver.js:125824:33)
    at IOSession.Session.onMessage (c:\Users\AzadKillaz94\AppData\Local\Programs\Microsoft VS Code\resources\app\extensions\node_modules\typescript\lib\tsserver.js:125846:35)
    at Interface.<anonymous> (c:\Users\AzadKillaz94\AppData\Local\Programs\Microsoft VS Code\resources\app\extensions\node_modules\typescript\lib\tsserver.js:127106:27)
    at emitOne (events.js:116:13)
    at Interface.emit (events.js:211:7)
    at Interface._onLine (readline.js:282:10)
    at Interface._normalWrite (readline.js:424:12)
    at Socket.ondata (readline.js:141:10)
    at emitOne (events.js:116:13)
    at Socket.emit (events.js:211:7)
    at addChunk (_stream_readable.js:263:12)
    at readableAddChunk (_stream_readable.js:250:11)
    at Socket.Readable.push (_stream_readable.js:208:10)
    at Pipe.onread (net.js:594:20)
[2019-01-18 15:54:11.758] [renderer1] [error] Error processing request. No Project.
Error: No Project.
    at Object.ThrowNoProject (c:\Users\AzadKillaz94\AppData\Local\Programs\Microsoft VS Code\resources\app\extensions\node_modules\typescript\lib\tsserver.js:119984:23)
    at ProjectService.doEnsureDefaultProjectForFile (c:\Users\AzadKillaz94\AppData\Local\Programs\Microsoft VS Code\resources\app\extensions\node_modules\typescript\lib\tsserver.js:122367:131)
    at ProjectService.ensureDefaultProjectForFile (c:\Users\AzadKillaz94\AppData\Local\Programs\Microsoft VS Code\resources\app\extensions\node_modules\typescript\lib\tsserver.js:122362:75)
    at IOSession.Session.getFileAndProjectWorker (c:\Users\AzadKillaz94\AppData\Local\Programs\Microsoft VS Code\resources\app\extensions\node_modules\typescript\lib\tsserver.js:125176:87)
    at IOSession.Session.getFileAndProject (c:\Users\AzadKillaz94\AppData\Local\Programs\Microsoft VS Code\resources\app\extensions\node_modules\typescript\lib\tsserver.js:125161:29)
    at IOSession.Session.getJsxClosingTag (c:\Users\AzadKillaz94\AppData\Local\Programs\Microsoft VS Code\resources\app\extensions\node_modules\typescript\lib\tsserver.js:124993:31)
    at Session.handlers.ts.createMapFromTemplate._a.(anonymous function) (c:\Users\AzadKillaz94\AppData\Local\Programs\Microsoft VS Code\resources\app\extensions\node_modules\typescript\lib\tsserver.js:124458:61)
    at c:\Users\AzadKillaz94\AppData\Local\Programs\Microsoft VS Code\resources\app\extensions\node_modules\typescript\lib\tsserver.js:125824:88
    at IOSession.Session.executeWithRequestId (c:\Users\AzadKillaz94\AppData\Local\Programs\Microsoft VS Code\resources\app\extensions\node_modules\typescript\lib\tsserver.js:125815:28)
    at IOSession.Session.executeCommand (c:\Users\AzadKillaz94\AppData\Local\Programs\Microsoft VS Code\resources\app\extensions\node_modules\typescript\lib\tsserver.js:125824:33)
    at IOSession.Session.onMessage (c:\Users\AzadKillaz94\AppData\Local\Programs\Microsoft VS Code\resources\app\extensions\node_modules\typescript\lib\tsserver.js:125846:35)
    at Interface.<anonymous> (c:\Users\AzadKillaz94\AppData\Local\Programs\Microsoft VS Code\resources\app\extensions\node_modules\typescript\lib\tsserver.js:127106:27)
    at emitOne (events.js:116:13)
    at Interface.emit (events.js:211:7)
    at Interface._onLine (readline.js:282:10)
    at Interface._normalWrite (readline.js:424:12)
    at Socket.ondata (readline.js:141:10)
    at emitOne (events.js:116:13)
    at Socket.emit (events.js:211:7)
    at addChunk (_stream_readable.js:263:12)
    at readableAddChunk (_stream_readable.js:250:11)
    at Socket.Readable.push (_stream_readable.js:208:10)
    at Pipe.onread (net.js:594:20)
[2019-01-18 15:54:18.397] [renderer1] [error] Error processing request. No Project.
Error: No Project.
    at Object.ThrowNoProject (c:\Users\AzadKillaz94\AppData\Local\Programs\Microsoft VS Code\resources\app\extensions\node_modules\typescript\lib\tsserver.js:119984:23)
    at ProjectService.doEnsureDefaultProjectForFile (c:\Users\AzadKillaz94\AppData\Local\Programs\Microsoft VS Code\resources\app\extensions\node_modules\typescript\lib\tsserver.js:122367:131)
    at ProjectService.ensureDefaultProjectForFile (c:\Users\AzadKillaz94\AppData\Local\Programs\Microsoft VS Code\resources\app\extensions\node_modules\typescript\lib\tsserver.js:122362:75)
    at IOSession.Session.getFileAndProjectWorker (c:\Users\AzadKillaz94\AppData\Local\Programs\Microsoft VS Code\resources\app\extensions\node_modules\typescript\lib\tsserver.js:125176:87)
    at IOSession.Session.getFileAndProject (c:\Users\AzadKillaz94\AppData\Local\Programs\Microsoft VS Code\resources\app\extensions\node_modules\typescript\lib\tsserver.js:125161:29)
    at IOSession.Session.getJsxClosingTag (c:\Users\AzadKillaz94\AppData\Local\Programs\Microsoft VS Code\resources\app\extensions\node_modules\typescript\lib\tsserver.js:124993:31)
    at Session.handlers.ts.createMapFromTemplate._a.(anonymous function) (c:\Users\AzadKillaz94\AppData\Local\Programs\Microsoft VS Code\resources\app\extensions\node_modules\typescript\lib\tsserver.js:124458:61)
    at c:\Users\AzadKillaz94\AppData\Local\Programs\Microsoft VS Code\resources\app\extensions\node_modules\typescript\lib\tsserver.js:125824:88
    at IOSession.Session.executeWithRequestId (c:\Users\AzadKillaz94\AppData\Local\Programs\Microsoft VS Code\resources\app\extensions\node_modules\typescript\lib\tsserver.js:125815:28)
    at IOSession.Session.executeCommand (c:\Users\AzadKillaz94\AppData\Local\Programs\Microsoft VS Code\resources\app\extensions\node_modules\typescript\lib\tsserver.js:125824:33)
    at IOSession.Session.onMessage (c:\Users\AzadKillaz94\AppData\Local\Programs\Microsoft VS Code\resources\app\extensions\node_modules\typescript\lib\tsserver.js:125846:35)
    at Interface.<anonymous> (c:\Users\AzadKillaz94\AppData\Local\Programs\Microsoft VS Code\resources\app\extensions\node_modules\typescript\lib\tsserver.js:127106:27)
    at emitOne (events.js:116:13)
    at Interface.emit (events.js:211:7)
    at Interface._onLine (readline.js:282:10)
    at Interface._normalWrite (readline.js:424:12)
    at Socket.ondata (readline.js:141:10)
    at emitOne (events.js:116:13)
    at Socket.emit (events.js:211:7)
    at addChunk (_stream_readable.js:263:12)
    at readableAddChunk (_stream_readable.js:250:11)
    at Socket.Readable.push (_stream_readable.js:208:10)
    at Pipe.onread (net.js:594:20)
[2019-01-18 15:54:27.359] [renderer1] [error] Error processing request. No Project.
Error: No Project.
    at Object.ThrowNoProject (c:\Users\AzadKillaz94\AppData\Local\Programs\Microsoft VS Code\resources\app\extensions\node_modules\typescript\lib\tsserver.js:119984:23)
    at ProjectService.doEnsureDefaultProjectForFile (c:\Users\AzadKillaz94\AppData\Local\Programs\Microsoft VS Code\resources\app\extensions\node_modules\typescript\lib\tsserver.js:122367:131)
    at ProjectService.ensureDefaultProjectForFile (c:\Users\AzadKillaz94\AppData\Local\Programs\Microsoft VS Code\resources\app\extensions\node_modules\typescript\lib\tsserver.js:122362:75)
    at IOSession.Session.getFileAndProjectWorker (c:\Users\AzadKillaz94\AppData\Local\Programs\Microsoft VS Code\resources\app\extensions\node_modules\typescript\lib\tsserver.js:125176:87)
    at IOSession.Session.getFileAndProject (c:\Users\AzadKillaz94\AppData\Local\Programs\Microsoft VS Code\resources\app\extensions\node_modules\typescript\lib\tsserver.js:125161:29)
    at IOSession.Session.getJsxClosingTag (c:\Users\AzadKillaz94\AppData\Local\Programs\Microsoft VS Code\resources\app\extensions\node_modules\typescript\lib\tsserver.js:124993:31)
    at Session.handlers.ts.createMapFromTemplate._a.(anonymous function) (c:\Users\AzadKillaz94\AppData\Local\Programs\Microsoft VS Code\resources\app\extensions\node_modules\typescript\lib\tsserver.js:124458:61)
    at c:\Users\AzadKillaz94\AppData\Local\Programs\Microsoft VS Code\resources\app\extensions\node_modules\typescript\lib\tsserver.js:125824:88
    at IOSession.Session.executeWithRequestId (c:\Users\AzadKillaz94\AppData\Local\Programs\Microsoft VS Code\resources\app\extensions\node_modules\typescript\lib\tsserver.js:125815:28)
    at IOSession.Session.executeCommand (c:\Users\AzadKillaz94\AppData\Local\Programs\Microsoft VS Code\resources\app\extensions\node_modules\typescript\lib\tsserver.js:125824:33)
    at IOSession.Session.onMessage (c:\Users\AzadKillaz94\AppData\Local\Programs\Microsoft VS Code\resources\app\extensions\node_modules\typescript\lib\tsserver.js:125846:35)
    at Interface.<anonymous> (c:\Users\AzadKillaz94\AppData\Local\Programs\Microsoft VS Code\resources\app\extensions\node_modules\typescript\lib\tsserver.js:127106:27)
    at emitOne (events.js:116:13)
    at Interface.emit (events.js:211:7)
    at Interface._onLine (readline.js:282:10)
    at Interface._normalWrite (readline.js:424:12)
    at Socket.ondata (readline.js:141:10)
    at emitOne (events.js:116:13)
    at Socket.emit (events.js:211:7)
    at addChunk (_stream_readable.js:263:12)
    at readableAddChunk (_stream_readable.js:250:11)
    at Socket.Readable.push (_stream_readable.js:208:10)
    at Pipe.onread (net.js:594:20)
