[Info  - 3:52:38 PM] Using tsserver from: c:\Users\AzadKillaz94\AppData\Local\Programs\Microsoft VS Code\resources\app\extensions\node_modules\typescript\lib
[Info  - 3:52:38 PM] Forking TSServer
[Info  - 3:52:38 PM] Started TSServer
[Error  - 3:53:27 PM] 'getOutliningSpans' request failed with error.
Error processing request. No Project.
Error: No Project.
    at Object.ThrowNoProject (c:\Users\AzadKillaz94\AppData\Local\Programs\Microsoft VS Code\resources\app\extensions\node_modules\typescript\lib\tsserver.js:119984:23)
    at IOSession.Session.getFileAndLanguageServiceForSyntacticOperation (c:\Users\AzadKillaz94\AppData\Local\Programs\Microsoft VS Code\resources\app\extensions\node_modules\typescript\lib\tsserver.js:125167:42)
    at IOSession.Session.getOutliningSpans (c:\Users\AzadKillaz94\AppData\Local\Programs\Microsoft VS Code\resources\app\extensions\node_modules\typescript\lib\tsserver.js:125181:31)
    at Session.handlers.ts.createMapFromTemplate._a.(anonymous function) (c:\Users\AzadKillaz94\AppData\Local\Programs\Microsoft VS Code\resources\app\extensions\node_modules\typescript\lib\tsserver.js:124295:61)
    at c:\Users\AzadKillaz94\AppData\Local\Programs\Microsoft VS Code\resources\app\extensions\node_modules\typescript\lib\tsserver.js:125824:88
    at IOSession.Session.executeWithRequestId (c:\Users\AzadKillaz94\AppData\Local\Programs\Microsoft VS Code\resources\app\extensions\node_modules\typescript\lib\tsserver.js:125815:28)
    at IOSession.Session.executeCommand (c:\Users\AzadKillaz94\AppData\Local\Programs\Microsoft VS Code\resources\app\extensions\node_modules\typescript\lib\tsserver.js:125824:33)
    at IOSession.Session.onMessage (c:\Users\AzadKillaz94\AppData\Local\Programs\Microsoft VS Code\resources\app\extensions\node_modules\typescript\lib\tsserver.js:125846:35)
    at Interface.<anonymous> (c:\Users\AzadKillaz94\AppData\Local\Programs\Microsoft VS Code\resources\app\extensions\node_modules\typescript\lib\tsserver.js:127106:27)
    at emitOne (events.js:116:13)
    at Interface.emit (events.js:211:7)
    at Interface._onLine (readline.js:282:10)
    at Interface._normalWrite (readline.js:424:12)
    at Socket.ondata (readline.js:141:10)
    at emitOne (events.js:116:13)
    at Socket.emit (events.js:211:7)
    at addChunk (_stream_readable.js:263:12)
    at readableAddChunk (_stream_readable.js:250:11)
    at Socket.Readable.push (_stream_readable.js:208:10)
    at Pipe.onread (net.js:594:20)
[Error  - 3:53:34 PM] 'jsxClosingTag' request failed with error.
Error processing request. No Project.
Error: No Project.
    at Object.ThrowNoProject (c:\Users\AzadKillaz94\AppData\Local\Programs\Microsoft VS Code\resources\app\extensions\node_modules\typescript\lib\tsserver.js:119984:23)
    at ProjectService.doEnsureDefaultProjectForFile (c:\Users\AzadKillaz94\AppData\Local\Programs\Microsoft VS Code\resources\app\extensions\node_modules\typescript\lib\tsserver.js:122367:131)
    at ProjectService.ensureDefaultProjectForFile (c:\Users\AzadKillaz94\AppData\Local\Programs\Microsoft VS Code\resources\app\extensions\node_modules\typescript\lib\tsserver.js:122362:75)
    at IOSession.Session.getFileAndProjectWorker (c:\Users\AzadKillaz94\AppData\Local\Programs\Microsoft VS Code\resources\app\extensions\node_modules\typescript\lib\tsserver.js:125176:87)
    at IOSession.Session.getFileAndProject (c:\Users\AzadKillaz94\AppData\Local\Programs\Microsoft VS Code\resources\app\extensions\node_modules\typescript\lib\tsserver.js:125161:29)
    at IOSession.Session.getJsxClosingTag (c:\Users\AzadKillaz94\AppData\Local\Programs\Microsoft VS Code\resources\app\extensions\node_modules\typescript\lib\tsserver.js:124993:31)
    at Session.handlers.ts.createMapFromTemplate._a.(anonymous function) (c:\Users\AzadKillaz94\AppData\Local\Programs\Microsoft VS Code\resources\app\extensions\node_modules\typescript\lib\tsserver.js:124458:61)
    at c:\Users\AzadKillaz94\AppData\Local\Programs\Microsoft VS Code\resources\app\extensions\node_modules\typescript\lib\tsserver.js:125824:88
    at IOSession.Session.executeWithRequestId (c:\Users\AzadKillaz94\AppData\Local\Programs\Microsoft VS Code\resources\app\extensions\node_modules\typescript\lib\tsserver.js:125815:28)
    at IOSession.Session.executeCommand (c:\Users\AzadKillaz94\AppData\Local\Programs\Microsoft VS Code\resources\app\extensions\node_modules\typescript\lib\tsserver.js:125824:33)
    at IOSession.Session.onMessage (c:\Users\AzadKillaz94\AppData\Local\Programs\Microsoft VS Code\resources\app\extensions\node_modules\typescript\lib\tsserver.js:125846:35)
    at Interface.<anonymous> (c:\Users\AzadKillaz94\AppData\Local\Programs\Microsoft VS Code\resources\app\extensions\node_modules\typescript\lib\tsserver.js:127106:27)
    at emitOne (events.js:116:13)
    at Interface.emit (events.js:211:7)
    at Interface._onLine (readline.js:282:10)
    at Interface._normalWrite (readline.js:424:12)
    at Socket.ondata (readline.js:141:10)
    at emitOne (events.js:116:13)
    at Socket.emit (events.js:211:7)
    at addChunk (_stream_readable.js:263:12)
    at readableAddChunk (_stream_readable.js:250:11)
    at Socket.Readable.push (_stream_readable.js:208:10)
    at Pipe.onread (net.js:594:20)
[Error  - 3:53:46 PM] 'jsxClosingTag' request failed with error.
Error processing request. No Project.
Error: No Project.
    at Object.ThrowNoProject (c:\Users\AzadKillaz94\AppData\Local\Programs\Microsoft VS Code\resources\app\extensions\node_modules\typescript\lib\tsserver.js:119984:23)
    at ProjectService.doEnsureDefaultProjectForFile (c:\Users\AzadKillaz94\AppData\Local\Programs\Microsoft VS Code\resources\app\extensions\node_modules\typescript\lib\tsserver.js:122367:131)
    at ProjectService.ensureDefaultProjectForFile (c:\Users\AzadKillaz94\AppData\Local\Programs\Microsoft VS Code\resources\app\extensions\node_modules\typescript\lib\tsserver.js:122362:75)
    at IOSession.Session.getFileAndProjectWorker (c:\Users\AzadKillaz94\AppData\Local\Programs\Microsoft VS Code\resources\app\extensions\node_modules\typescript\lib\tsserver.js:125176:87)
    at IOSession.Session.getFileAndProject (c:\Users\AzadKillaz94\AppData\Local\Programs\Microsoft VS Code\resources\app\extensions\node_modules\typescript\lib\tsserver.js:125161:29)
    at IOSession.Session.getJsxClosingTag (c:\Users\AzadKillaz94\AppData\Local\Programs\Microsoft VS Code\resources\app\extensions\node_modules\typescript\lib\tsserver.js:124993:31)
    at Session.handlers.ts.createMapFromTemplate._a.(anonymous function) (c:\Users\AzadKillaz94\AppData\Local\Programs\Microsoft VS Code\resources\app\extensions\node_modules\typescript\lib\tsserver.js:124458:61)
    at c:\Users\AzadKillaz94\AppData\Local\Programs\Microsoft VS Code\resources\app\extensions\node_modules\typescript\lib\tsserver.js:125824:88
    at IOSession.Session.executeWithRequestId (c:\Users\AzadKillaz94\AppData\Local\Programs\Microsoft VS Code\resources\app\extensions\node_modules\typescript\lib\tsserver.js:125815:28)
    at IOSession.Session.executeCommand (c:\Users\AzadKillaz94\AppData\Local\Programs\Microsoft VS Code\resources\app\extensions\node_modules\typescript\lib\tsserver.js:125824:33)
    at IOSession.Session.onMessage (c:\Users\AzadKillaz94\AppData\Local\Programs\Microsoft VS Code\resources\app\extensions\node_modules\typescript\lib\tsserver.js:125846:35)
    at Interface.<anonymous> (c:\Users\AzadKillaz94\AppData\Local\Programs\Microsoft VS Code\resources\app\extensions\node_modules\typescript\lib\tsserver.js:127106:27)
    at emitOne (events.js:116:13)
    at Interface.emit (events.js:211:7)
    at Interface._onLine (readline.js:282:10)
    at Interface._normalWrite (readline.js:424:12)
    at Socket.ondata (readline.js:141:10)
    at emitOne (events.js:116:13)
    at Socket.emit (events.js:211:7)
    at addChunk (_stream_readable.js:263:12)
    at readableAddChunk (_stream_readable.js:250:11)
    at Socket.Readable.push (_stream_readable.js:208:10)
    at Pipe.onread (net.js:594:20)
[Error  - 3:54:10 PM] 'jsxClosingTag' request failed with error.
Error processing request. No Project.
Error: No Project.
    at Object.ThrowNoProject (c:\Users\AzadKillaz94\AppData\Local\Programs\Microsoft VS Code\resources\app\extensions\node_modules\typescript\lib\tsserver.js:119984:23)
    at ProjectService.doEnsureDefaultProjectForFile (c:\Users\AzadKillaz94\AppData\Local\Programs\Microsoft VS Code\resources\app\extensions\node_modules\typescript\lib\tsserver.js:122367:131)
    at ProjectService.ensureDefaultProjectForFile (c:\Users\AzadKillaz94\AppData\Local\Programs\Microsoft VS Code\resources\app\extensions\node_modules\typescript\lib\tsserver.js:122362:75)
    at IOSession.Session.getFileAndProjectWorker (c:\Users\AzadKillaz94\AppData\Local\Programs\Microsoft VS Code\resources\app\extensions\node_modules\typescript\lib\tsserver.js:125176:87)
    at IOSession.Session.getFileAndProject (c:\Users\AzadKillaz94\AppData\Local\Programs\Microsoft VS Code\resources\app\extensions\node_modules\typescript\lib\tsserver.js:125161:29)
    at IOSession.Session.getJsxClosingTag (c:\Users\AzadKillaz94\AppData\Local\Programs\Microsoft VS Code\resources\app\extensions\node_modules\typescript\lib\tsserver.js:124993:31)
    at Session.handlers.ts.createMapFromTemplate._a.(anonymous function) (c:\Users\AzadKillaz94\AppData\Local\Programs\Microsoft VS Code\resources\app\extensions\node_modules\typescript\lib\tsserver.js:124458:61)
    at c:\Users\AzadKillaz94\AppData\Local\Programs\Microsoft VS Code\resources\app\extensions\node_modules\typescript\lib\tsserver.js:125824:88
    at IOSession.Session.executeWithRequestId (c:\Users\AzadKillaz94\AppData\Local\Programs\Microsoft VS Code\resources\app\extensions\node_modules\typescript\lib\tsserver.js:125815:28)
    at IOSession.Session.executeCommand (c:\Users\AzadKillaz94\AppData\Local\Programs\Microsoft VS Code\resources\app\extensions\node_modules\typescript\lib\tsserver.js:125824:33)
    at IOSession.Session.onMessage (c:\Users\AzadKillaz94\AppData\Local\Programs\Microsoft VS Code\resources\app\extensions\node_modules\typescript\lib\tsserver.js:125846:35)
    at Interface.<anonymous> (c:\Users\AzadKillaz94\AppData\Local\Programs\Microsoft VS Code\resources\app\extensions\node_modules\typescript\lib\tsserver.js:127106:27)
    at emitOne (events.js:116:13)
    at Interface.emit (events.js:211:7)
    at Interface._onLine (readline.js:282:10)
    at Interface._normalWrite (readline.js:424:12)
    at Socket.ondata (readline.js:141:10)
    at emitOne (events.js:116:13)
    at Socket.emit (events.js:211:7)
    at addChunk (_stream_readable.js:263:12)
    at readableAddChunk (_stream_readable.js:250:11)
    at Socket.Readable.push (_stream_readable.js:208:10)
    at Pipe.onread (net.js:594:20)
[Error  - 3:54:17 PM] 'jsxClosingTag' request failed with error.
Error processing request. No Project.
Error: No Project.
    at Object.ThrowNoProject (c:\Users\AzadKillaz94\AppData\Local\Programs\Microsoft VS Code\resources\app\extensions\node_modules\typescript\lib\tsserver.js:119984:23)
    at ProjectService.doEnsureDefaultProjectForFile (c:\Users\AzadKillaz94\AppData\Local\Programs\Microsoft VS Code\resources\app\extensions\node_modules\typescript\lib\tsserver.js:122367:131)
    at ProjectService.ensureDefaultProjectForFile (c:\Users\AzadKillaz94\AppData\Local\Programs\Microsoft VS Code\resources\app\extensions\node_modules\typescript\lib\tsserver.js:122362:75)
    at IOSession.Session.getFileAndProjectWorker (c:\Users\AzadKillaz94\AppData\Local\Programs\Microsoft VS Code\resources\app\extensions\node_modules\typescript\lib\tsserver.js:125176:87)
    at IOSession.Session.getFileAndProject (c:\Users\AzadKillaz94\AppData\Local\Programs\Microsoft VS Code\resources\app\extensions\node_modules\typescript\lib\tsserver.js:125161:29)
    at IOSession.Session.getJsxClosingTag (c:\Users\AzadKillaz94\AppData\Local\Programs\Microsoft VS Code\resources\app\extensions\node_modules\typescript\lib\tsserver.js:124993:31)
    at Session.handlers.ts.createMapFromTemplate._a.(anonymous function) (c:\Users\AzadKillaz94\AppData\Local\Programs\Microsoft VS Code\resources\app\extensions\node_modules\typescript\lib\tsserver.js:124458:61)
    at c:\Users\AzadKillaz94\AppData\Local\Programs\Microsoft VS Code\resources\app\extensions\node_modules\typescript\lib\tsserver.js:125824:88
    at IOSession.Session.executeWithRequestId (c:\Users\AzadKillaz94\AppData\Local\Programs\Microsoft VS Code\resources\app\extensions\node_modules\typescript\lib\tsserver.js:125815:28)
    at IOSession.Session.executeCommand (c:\Users\AzadKillaz94\AppData\Local\Programs\Microsoft VS Code\resources\app\extensions\node_modules\typescript\lib\tsserver.js:125824:33)
    at IOSession.Session.onMessage (c:\Users\AzadKillaz94\AppData\Local\Programs\Microsoft VS Code\resources\app\extensions\node_modules\typescript\lib\tsserver.js:125846:35)
    at Interface.<anonymous> (c:\Users\AzadKillaz94\AppData\Local\Programs\Microsoft VS Code\resources\app\extensions\node_modules\typescript\lib\tsserver.js:127106:27)
    at emitOne (events.js:116:13)
    at Interface.emit (events.js:211:7)
    at Interface._onLine (readline.js:282:10)
    at Interface._normalWrite (readline.js:424:12)
    at Socket.ondata (readline.js:141:10)
    at emitOne (events.js:116:13)
    at Socket.emit (events.js:211:7)
    at addChunk (_stream_readable.js:263:12)
    at readableAddChunk (_stream_readable.js:250:11)
    at Socket.Readable.push (_stream_readable.js:208:10)
    at Pipe.onread (net.js:594:20)
[Error  - 3:54:26 PM] 'jsxClosingTag' request failed with error.
Error processing request. No Project.
Error: No Project.
    at Object.ThrowNoProject (c:\Users\AzadKillaz94\AppData\Local\Programs\Microsoft VS Code\resources\app\extensions\node_modules\typescript\lib\tsserver.js:119984:23)
    at ProjectService.doEnsureDefaultProjectForFile (c:\Users\AzadKillaz94\AppData\Local\Programs\Microsoft VS Code\resources\app\extensions\node_modules\typescript\lib\tsserver.js:122367:131)
    at ProjectService.ensureDefaultProjectForFile (c:\Users\AzadKillaz94\AppData\Local\Programs\Microsoft VS Code\resources\app\extensions\node_modules\typescript\lib\tsserver.js:122362:75)
    at IOSession.Session.getFileAndProjectWorker (c:\Users\AzadKillaz94\AppData\Local\Programs\Microsoft VS Code\resources\app\extensions\node_modules\typescript\lib\tsserver.js:125176:87)
    at IOSession.Session.getFileAndProject (c:\Users\AzadKillaz94\AppData\Local\Programs\Microsoft VS Code\resources\app\extensions\node_modules\typescript\lib\tsserver.js:125161:29)
    at IOSession.Session.getJsxClosingTag (c:\Users\AzadKillaz94\AppData\Local\Programs\Microsoft VS Code\resources\app\extensions\node_modules\typescript\lib\tsserver.js:124993:31)
    at Session.handlers.ts.createMapFromTemplate._a.(anonymous function) (c:\Users\AzadKillaz94\AppData\Local\Programs\Microsoft VS Code\resources\app\extensions\node_modules\typescript\lib\tsserver.js:124458:61)
    at c:\Users\AzadKillaz94\AppData\Local\Programs\Microsoft VS Code\resources\app\extensions\node_modules\typescript\lib\tsserver.js:125824:88
    at IOSession.Session.executeWithRequestId (c:\Users\AzadKillaz94\AppData\Local\Programs\Microsoft VS Code\resources\app\extensions\node_modules\typescript\lib\tsserver.js:125815:28)
    at IOSession.Session.executeCommand (c:\Users\AzadKillaz94\AppData\Local\Programs\Microsoft VS Code\resources\app\extensions\node_modules\typescript\lib\tsserver.js:125824:33)
    at IOSession.Session.onMessage (c:\Users\AzadKillaz94\AppData\Local\Programs\Microsoft VS Code\resources\app\extensions\node_modules\typescript\lib\tsserver.js:125846:35)
    at Interface.<anonymous> (c:\Users\AzadKillaz94\AppData\Local\Programs\Microsoft VS Code\resources\app\extensions\node_modules\typescript\lib\tsserver.js:127106:27)
    at emitOne (events.js:116:13)
    at Interface.emit (events.js:211:7)
    at Interface._onLine (readline.js:282:10)
    at Interface._normalWrite (readline.js:424:12)
    at Socket.ondata (readline.js:141:10)
    at emitOne (events.js:116:13)
    at Socket.emit (events.js:211:7)
    at addChunk (_stream_readable.js:263:12)
    at readableAddChunk (_stream_readable.js:250:11)
    at Socket.Readable.push (_stream_readable.js:208:10)
    at Pipe.onread (net.js:594:20)
[Info  - 4:08:37 PM] TSServer exited
