[2019-01-25 15:42:22.436] [exthost] [info] extension host started
[2019-01-25 15:42:22.448] [exthost] [info] ExtensionService#_doActivateExtension vscode.debug-auto-launch {"startup":true,"activationEvent":"*"}
[2019-01-25 15:42:22.448] [exthost] [info] ExtensionService#loadCommonJSModule c:\Users\AzadKillaz94\AppData\Local\Programs\Microsoft VS Code\resources\app\extensions\debug-auto-launch\dist\extension
[2019-01-25 15:42:22.451] [exthost] [info] ExtensionService#_doActivateExtension vscode.emmet {"startup":true,"activationEvent":"*"}
[2019-01-25 15:42:22.451] [exthost] [info] ExtensionService#loadCommonJSModule c:\Users\AzadKillaz94\AppData\Local\Programs\Microsoft VS Code\resources\app\extensions\emmet\dist\extension
[2019-01-25 15:42:22.457] [exthost] [info] ExtensionService#_doActivateExtension vscode.git {"startup":true,"activationEvent":"*"}
[2019-01-25 15:42:22.457] [exthost] [info] ExtensionService#loadCommonJSModule c:\Users\AzadKillaz94\AppData\Local\Programs\Microsoft VS Code\resources\app\extensions\git\dist\main
[2019-01-25 15:42:22.478] [exthost] [info] ExtensionService#_doActivateExtension vscode.merge-conflict {"startup":true,"activationEvent":"*"}
[2019-01-25 15:42:22.478] [exthost] [info] ExtensionService#loadCommonJSModule c:\Users\AzadKillaz94\AppData\Local\Programs\Microsoft VS Code\resources\app\extensions\merge-conflict\dist\extension
[2019-01-25 15:42:22.482] [exthost] [info] ExtensionService#_doActivateExtension vscode.html-language-features {"startup":false,"activationEvent":"onLanguage:html"}
[2019-01-25 15:42:22.482] [exthost] [info] ExtensionService#loadCommonJSModule c:\Users\AzadKillaz94\AppData\Local\Programs\Microsoft VS Code\resources\app\extensions\html-language-features\client\dist\htmlMain
[2019-01-25 15:42:22.495] [exthost] [info] eager extensions activated
[2019-01-25 16:42:43.738] [exthost] [info] ExtensionService#_doActivateExtension vscode.typescript-language-features {"startup":false,"activationEvent":"onLanguage:javascript"}
[2019-01-25 16:42:43.739] [exthost] [info] ExtensionService#loadCommonJSModule c:\Users\AzadKillaz94\AppData\Local\Programs\Microsoft VS Code\resources\app\extensions\typescript-language-features\dist\extension
[2019-01-25 16:44:17.755] [exthost] [error] [vscode.typescript-language-features] provider FAILED
[2019-01-25 16:44:17.755] [exthost] [error] TypeError: Cannot read property 'displayParts' of undefined
	at w.resolveCompletionItem (c:\Users\AzadKillaz94\AppData\Local\Programs\Microsoft VS Code\resources\app\extensions\typescript-language-features\dist\extension.js:1:99177)
	at <anonymous>
[2019-01-25 16:47:15.446] [exthost] [error] [vscode.typescript-language-features] provider FAILED
[2019-01-25 16:47:15.447] [exthost] [error] TypeError: Cannot read property 'displayParts' of undefined
	at w.resolveCompletionItem (c:\Users\AzadKillaz94\AppData\Local\Programs\Microsoft VS Code\resources\app\extensions\typescript-language-features\dist\extension.js:1:99177)
	at <anonymous>
[2019-01-25 16:47:19.893] [exthost] [error] [vscode.typescript-language-features] provider FAILED
[2019-01-25 16:47:19.893] [exthost] [error] TypeError: Cannot read property 'displayParts' of undefined
	at w.resolveCompletionItem (c:\Users\AzadKillaz94\AppData\Local\Programs\Microsoft VS Code\resources\app\extensions\typescript-language-features\dist\extension.js:1:99177)
	at <anonymous>
[2019-01-25 16:49:28.450] [exthost] [error] [vscode.typescript-language-features] provider FAILED
[2019-01-25 16:49:28.450] [exthost] [error] TypeError: Cannot read property 'displayParts' of undefined
	at w.resolveCompletionItem (c:\Users\AzadKillaz94\AppData\Local\Programs\Microsoft VS Code\resources\app\extensions\typescript-language-features\dist\extension.js:1:99177)
	at <anonymous>
[2019-01-25 16:51:16.277] [exthost] [error] [vscode.typescript-language-features] provider FAILED
[2019-01-25 16:51:16.277] [exthost] [error] TypeError: Cannot read property 'displayParts' of undefined
	at w.resolveCompletionItem (c:\Users\AzadKillaz94\AppData\Local\Programs\Microsoft VS Code\resources\app\extensions\typescript-language-features\dist\extension.js:1:99177)
	at <anonymous>
[2019-01-25 16:52:13.094] [exthost] [error] [vscode.typescript-language-features] provider FAILED
[2019-01-25 16:52:13.094] [exthost] [error] TypeError: Cannot read property 'displayParts' of undefined
	at w.resolveCompletionItem (c:\Users\AzadKillaz94\AppData\Local\Programs\Microsoft VS Code\resources\app\extensions\typescript-language-features\dist\extension.js:1:99177)
	at <anonymous>
[2019-01-25 16:52:30.999] [exthost] [error] [vscode.typescript-language-features] provider FAILED
[2019-01-25 16:52:30.999] [exthost] [error] TypeError: Cannot read property 'displayParts' of undefined
	at w.resolveCompletionItem (c:\Users\AzadKillaz94\AppData\Local\Programs\Microsoft VS Code\resources\app\extensions\typescript-language-features\dist\extension.js:1:99177)
	at <anonymous>
[2019-01-25 16:52:59.359] [exthost] [error] [vscode.typescript-language-features] provider FAILED
[2019-01-25 16:52:59.359] [exthost] [error] TypeError: Cannot read property 'displayParts' of undefined
	at w.resolveCompletionItem (c:\Users\AzadKillaz94\AppData\Local\Programs\Microsoft VS Code\resources\app\extensions\typescript-language-features\dist\extension.js:1:99177)
	at <anonymous>
