[Modules] Modules initializing
[Modules] Distribution: remote
[Modules] Host updates: enabled
[Modules] Module updates: enabled
[Modules] Module install path: C:\Users\AzadKillaz94\AppData\Roaming\discord\0.0.304\modules
[Modules] Module installed file path: C:\Users\AzadKillaz94\AppData\Roaming\discord\0.0.304\modules\installed.json
[Modules] Module download path: C:\Users\AzadKillaz94\AppData\Roaming\discord\0.0.304\modules\pending
[Modules] Bootstrapping...
[Modules] Installing discord_desktop_core@0 from C:\Users\AzadKillaz94\AppData\Local\Discord\app-0.0.304\resources\bootstrap\discord_desktop_core.zip
[Modules] Failed installing discord_desktop_core@0: Error: ENOENT: no such file or directory, open 'C:\Users\AzadKillaz94\AppData\Local\Discord\app-0.0.304\resources\bootstrap\discord_desktop_core.zip'
[Modules] Installing discord_erlpack@0 from C:\Users\AzadKillaz94\AppData\Local\Discord\app-0.0.304\resources\bootstrap\discord_erlpack.zip
[Modules] Failed installing discord_erlpack@0: Error: ENOENT: no such file or directory, open 'C:\Users\AzadKillaz94\AppData\Local\Discord\app-0.0.304\resources\bootstrap\discord_erlpack.zip'
[Modules] Installing discord_spellcheck@0 from C:\Users\AzadKillaz94\AppData\Local\Discord\app-0.0.304\resources\bootstrap\discord_spellcheck.zip
[Modules] Failed installing discord_spellcheck@0: Error: ENOENT: no such file or directory, open 'C:\Users\AzadKillaz94\AppData\Local\Discord\app-0.0.304\resources\bootstrap\discord_spellcheck.zip'
[Modules] Installing discord_utils@0 from C:\Users\AzadKillaz94\AppData\Local\Discord\app-0.0.304\resources\bootstrap\discord_utils.zip
[Modules] Failed installing discord_utils@0: Error: ENOENT: no such file or directory, open 'C:\Users\AzadKillaz94\AppData\Local\Discord\app-0.0.304\resources\bootstrap\discord_utils.zip'
[Modules] Installing discord_voice@0 from C:\Users\AzadKillaz94\AppData\Local\Discord\app-0.0.304\resources\bootstrap\discord_voice.zip
[Modules] Failed installing discord_voice@0: Error: ENOENT: no such file or directory, open 'C:\Users\AzadKillaz94\AppData\Local\Discord\app-0.0.304\resources\bootstrap\discord_voice.zip'
[Modules] Finished module installations. [success: 0] [failure: 5]
[Modules] Checking for host updates.
[Modules] Host is up to date.
[Modules] Checking for module updates at https://discordapp.com/api/modules/stable/versions.json
[Modules] Module update available: discord_desktop_core@2 [installed: 0]
[Modules] Module update available: discord_erlpack@1 [installed: 0]
[Modules] Module update available: discord_spellcheck@1 [installed: 0]
[Modules] Module update available: discord_utils@2 [installed: 0]
[Modules] Module update available: discord_voice@1 [installed: 0]
[Modules] Fetching discord_desktop_core@2 from https://discordapp.com/api/modules/stable/discord_desktop_core/2
[Modules] Streaming discord_desktop_core@2 [1677232 bytes] to C:\Users\AzadKillaz94\AppData\Roaming\discord\0.0.304\modules\pending\discord_desktop_core-2.zip
[Modules] Fetching discord_erlpack@1 from https://discordapp.com/api/modules/stable/discord_erlpack/1
[Modules] Streaming discord_erlpack@1 [194979 bytes] to C:\Users\AzadKillaz94\AppData\Roaming\discord\0.0.304\modules\pending\discord_erlpack-1.zip
[Modules] Fetching discord_spellcheck@1 from https://discordapp.com/api/modules/stable/discord_spellcheck/1
[Modules] Streaming discord_spellcheck@1 [2210873 bytes] to C:\Users\AzadKillaz94\AppData\Roaming\discord\0.0.304\modules\pending\discord_spellcheck-1.zip
[Modules] Fetching discord_utils@2 from https://discordapp.com/api/modules/stable/discord_utils/2
[Modules] Streaming discord_utils@2 [593179 bytes] to C:\Users\AzadKillaz94\AppData\Roaming\discord\0.0.304\modules\pending\discord_utils-2.zip
[Modules] Fetching discord_voice@1 from https://discordapp.com/api/modules/stable/discord_voice/1
[Modules] Streaming discord_voice@1 [4347386 bytes] to C:\Users\AzadKillaz94\AppData\Roaming\discord\0.0.304\modules\pending\discord_voice-1.zip
[Modules] Finished module downloads. [success: 5] [failure: 0]
[Modules] Relaunching to install module updates...
[Modules] Modules initializing
[Modules] Distribution: remote
[Modules] Host updates: enabled
[Modules] Module updates: enabled
[Modules] Module install path: C:\Users\AzadKillaz94\AppData\Roaming\discord\0.0.304\modules
[Modules] Module installed file path: C:\Users\AzadKillaz94\AppData\Roaming\discord\0.0.304\modules\installed.json
[Modules] Module download path: C:\Users\AzadKillaz94\AppData\Roaming\discord\0.0.304\modules\pending
[Modules] Installing updates...
[Modules] Installing discord_desktop_core@2 from C:\Users\AzadKillaz94\AppData\Roaming\discord\0.0.304\modules\pending\discord_desktop_core-2.zip
[Modules] Installing discord_erlpack@1 from C:\Users\AzadKillaz94\AppData\Roaming\discord\0.0.304\modules\pending\discord_erlpack-1.zip
[Modules] Installing discord_spellcheck@1 from C:\Users\AzadKillaz94\AppData\Roaming\discord\0.0.304\modules\pending\discord_spellcheck-1.zip
[Modules] Installing discord_utils@2 from C:\Users\AzadKillaz94\AppData\Roaming\discord\0.0.304\modules\pending\discord_utils-2.zip
[Modules] Installing discord_voice@1 from C:\Users\AzadKillaz94\AppData\Roaming\discord\0.0.304\modules\pending\discord_voice-1.zip
[Modules] Finished module installations. [success: 5] [failure: 0]
[Modules] Checking for host updates.
[Modules] Host is up to date.
[Modules] Checking for module updates at https://discordapp.com/api/modules/stable/versions.json
[Modules] No module updates available.
[Modules] Starting to install discord_game_utils...
[Modules] Fetching discord_game_utils@2 from https://discordapp.com/api/modules/stable/discord_game_utils/2
[Modules] Starting to install discord_cloudsync...
[Modules] Starting to install discord_rpc...
[Modules] Starting to install discord_overlay2...
[Modules] Streaming discord_game_utils@2 [606593 bytes] to C:\Users\AzadKillaz94\AppData\Roaming\discord\0.0.304\modules\pending\discord_game_utils-2.zip
[Modules] Fetching discord_cloudsync@1 from https://discordapp.com/api/modules/stable/discord_cloudsync/1
[Modules] Installing discord_game_utils@2 from C:\Users\AzadKillaz94\AppData\Roaming\discord\0.0.304\modules\pending\discord_game_utils-2.zip
[Modules] Finished module installations. [success: 1] [failure: 0]
[Modules] Checking for host updates.
[Modules] Streaming discord_cloudsync@1 [3352593 bytes] to C:\Users\AzadKillaz94\AppData\Roaming\discord\0.0.304\modules\pending\discord_cloudsync-1.zip
[Modules] Fetching discord_rpc@1 from https://discordapp.com/api/modules/stable/discord_rpc/1
[Modules] Installing discord_cloudsync@1 from C:\Users\AzadKillaz94\AppData\Roaming\discord\0.0.304\modules\pending\discord_cloudsync-1.zip
[Modules] Host is up to date.
[Modules] Checking for module updates at https://discordapp.com/api/modules/stable/versions.json
[Modules] No module updates available.
[Modules] Streaming discord_rpc@1 [1256613 bytes] to C:\Users\AzadKillaz94\AppData\Roaming\discord\0.0.304\modules\pending\discord_rpc-1.zip
[Modules] Fetching discord_overlay2@1 from https://discordapp.com/api/modules/stable/discord_overlay2/1
[Modules] Streaming discord_overlay2@1 [602679 bytes] to C:\Users\AzadKillaz94\AppData\Roaming\discord\0.0.304\modules\pending\discord_overlay2-1.zip
[Modules] Finished module downloads. [success: 4] [failure: 0]
[Modules] Installing discord_rpc@1 from C:\Users\AzadKillaz94\AppData\Roaming\discord\0.0.304\modules\pending\discord_rpc-1.zip
[Modules] Installing discord_overlay2@1 from C:\Users\AzadKillaz94\AppData\Roaming\discord\0.0.304\modules\pending\discord_overlay2-1.zip
[Modules] Finished module installations. [success: 3] [failure: 0]
[Modules] Starting to install discord_dispatch...
[Modules] Fetching discord_dispatch@2 from https://discordapp.com/api/modules/stable/discord_dispatch/2
[Modules] Starting to install discord_modules...
[Modules] Starting to install discord_contact_import...
[Modules] Streaming discord_dispatch@2 [7637206 bytes] to C:\Users\AzadKillaz94\AppData\Roaming\discord\0.0.304\modules\pending\discord_dispatch-2.zip
[Modules] Starting to install discord_vigilante...
[Modules] Fetching discord_modules@1 from https://discordapp.com/api/modules/stable/discord_modules/1
[Modules] Installing discord_dispatch@2 from C:\Users\AzadKillaz94\AppData\Roaming\discord\0.0.304\modules\pending\discord_dispatch-2.zip
[Modules] Streaming discord_modules@1 [3951110 bytes] to C:\Users\AzadKillaz94\AppData\Roaming\discord\0.0.304\modules\pending\discord_modules-1.zip
[Modules] Fetching discord_contact_import@1 from https://discordapp.com/api/modules/stable/discord_contact_import/1
[Modules] Streaming discord_contact_import@1 [1165483 bytes] to C:\Users\AzadKillaz94\AppData\Roaming\discord\0.0.304\modules\pending\discord_contact_import-1.zip
[Modules] Fetching discord_vigilante@1 from https://discordapp.com/api/modules/stable/discord_vigilante/1
[Modules] Installing discord_modules@1 from C:\Users\AzadKillaz94\AppData\Roaming\discord\0.0.304\modules\pending\discord_modules-1.zip
[Modules] Streaming discord_vigilante@1 [1580454 bytes] to C:\Users\AzadKillaz94\AppData\Roaming\discord\0.0.304\modules\pending\discord_vigilante-1.zip
[Modules] Finished module downloads. [success: 4] [failure: 0]
[Modules] Installing discord_contact_import@1 from C:\Users\AzadKillaz94\AppData\Roaming\discord\0.0.304\modules\pending\discord_contact_import-1.zip
[Modules] Installing discord_vigilante@1 from C:\Users\AzadKillaz94\AppData\Roaming\discord\0.0.304\modules\pending\discord_vigilante-1.zip
[Modules] Finished module installations. [success: 4] [failure: 0]
[Modules] Modules initializing
[Modules] Distribution: remote
[Modules] Host updates: enabled
[Modules] Module updates: enabled
[Modules] Module install path: C:\Users\AzadKillaz94\AppData\Roaming\discord\0.0.304\modules
[Modules] Module installed file path: C:\Users\AzadKillaz94\AppData\Roaming\discord\0.0.304\modules\installed.json
[Modules] Module download path: C:\Users\AzadKillaz94\AppData\Roaming\discord\0.0.304\modules\pending
[Modules] No updates to install
[Modules] Checking for host updates.
[Modules] Host is up to date.
[Modules] Checking for module updates at https://discordapp.com/api/modules/stable/versions.json
[Modules] No module updates available.
[Modules] Modules initializing
[Modules] Distribution: remote
[Modules] Host updates: enabled
[Modules] Module updates: enabled
[Modules] Module install path: C:\Users\AzadKillaz94\AppData\Roaming\discord\0.0.304\modules
[Modules] Module installed file path: C:\Users\AzadKillaz94\AppData\Roaming\discord\0.0.304\modules\installed.json
[Modules] Module download path: C:\Users\AzadKillaz94\AppData\Roaming\discord\0.0.304\modules\pending
[Modules] No updates to install
[Modules] Checking for host updates.
[Modules] Host is up to date.
[Modules] Checking for module updates at https://discordapp.com/api/modules/stable/versions.json
[Modules] No module updates available.
[Modules] Modules initializing
[Modules] Distribution: remote
[Modules] Host updates: enabled
[Modules] Module updates: enabled
[Modules] Module install path: C:\Users\AzadKillaz94\AppData\Roaming\discord\0.0.304\modules
[Modules] Module installed file path: C:\Users\AzadKillaz94\AppData\Roaming\discord\0.0.304\modules\installed.json
[Modules] Module download path: C:\Users\AzadKillaz94\AppData\Roaming\discord\0.0.304\modules\pending
[Modules] No updates to install
[Modules] Checking for host updates.
[Modules] Host is up to date.
[Modules] Checking for module updates at https://discordapp.com/api/modules/stable/versions.json
[Modules] No module updates available.
[Modules] Checking for host updates.
[Modules] Host is up to date.
[Modules] Checking for module updates at https://discordapp.com/api/modules/stable/versions.json
[Modules] No module updates available.
[Modules] Checking for host updates.
[Modules] Host is up to date.
[Modules] Checking for module updates at https://discordapp.com/api/modules/stable/versions.json
[Modules] No module updates available.
[Modules] Checking for host updates.
[Modules] Host is up to date.
[Modules] Checking for module updates at https://discordapp.com/api/modules/stable/versions.json
[Modules] No module updates available.
[Modules] Modules initializing
[Modules] Distribution: remote
[Modules] Host updates: enabled
[Modules] Module updates: enabled
[Modules] Module install path: C:\Users\AzadKillaz94\AppData\Roaming\discord\0.0.304\modules
[Modules] Module installed file path: C:\Users\AzadKillaz94\AppData\Roaming\discord\0.0.304\modules\installed.json
[Modules] Module download path: C:\Users\AzadKillaz94\AppData\Roaming\discord\0.0.304\modules\pending
[Modules] No updates to install
[Modules] Checking for host updates.
[Modules] Host is up to date.
[Modules] Checking for module updates at https://discordapp.com/api/modules/stable/versions.json
[Modules] Module update available: discord_voice@2 [installed: 1]
[Modules] Fetching discord_voice@2 from https://discordapp.com/api/modules/stable/discord_voice/2
[Modules] Streaming discord_voice@2 [4347315 bytes] to C:\Users\AzadKillaz94\AppData\Roaming\discord\0.0.304\modules\pending\discord_voice-2.zip
[Modules] Finished module downloads. [success: 1] [failure: 0]
[Modules] Relaunching to install module updates...
[Modules] Modules initializing
[Modules] Distribution: remote
[Modules] Host updates: enabled
[Modules] Module updates: enabled
[Modules] Module install path: C:\Users\AzadKillaz94\AppData\Roaming\discord\0.0.304\modules
[Modules] Module installed file path: C:\Users\AzadKillaz94\AppData\Roaming\discord\0.0.304\modules\installed.json
[Modules] Module download path: C:\Users\AzadKillaz94\AppData\Roaming\discord\0.0.304\modules\pending
[Modules] Installing updates...
[Modules] Installing discord_voice@2 from C:\Users\AzadKillaz94\AppData\Roaming\discord\0.0.304\modules\pending\discord_voice-2.zip
[Modules] Finished module installations. [success: 1] [failure: 0]
[Modules] Checking for host updates.
[Modules] Host is up to date.
[Modules] Checking for module updates at https://discordapp.com/api/modules/stable/versions.json
[Modules] No module updates available.
[Modules] Checking for host updates.
[Modules] Host is up to date.
[Modules] Checking for module updates at https://discordapp.com/api/modules/stable/versions.json
[Modules] No module updates available.
[Modules] Checking for host updates.
[Modules] Host is up to date.
[Modules] Checking for module updates at https://discordapp.com/api/modules/stable/versions.json
[Modules] No module updates available.
[Modules] Checking for host updates.
[Modules] Host is up to date.
[Modules] Checking for module updates at https://discordapp.com/api/modules/stable/versions.json
[Modules] No module updates available.
[Modules] Checking for host updates.
[Modules] Host is up to date.
[Modules] Checking for module updates at https://discordapp.com/api/modules/stable/versions.json
[Modules] No module updates available.
[Modules] Modules initializing
[Modules] Distribution: remote
[Modules] Host updates: enabled
[Modules] Module updates: enabled
[Modules] Module install path: C:\Users\AzadKillaz94\AppData\Roaming\discord\0.0.304\modules
[Modules] Module installed file path: C:\Users\AzadKillaz94\AppData\Roaming\discord\0.0.304\modules\installed.json
[Modules] Module download path: C:\Users\AzadKillaz94\AppData\Roaming\discord\0.0.304\modules\pending
[Modules] No updates to install
[Modules] Checking for host updates.
[Modules] Host is up to date.
[Modules] Checking for module updates at https://discordapp.com/api/modules/stable/versions.json
[Modules] No module updates available.
[Modules] Checking for host updates.
[Modules] Host is up to date.
[Modules] Checking for module updates at https://discordapp.com/api/modules/stable/versions.json
[Modules] No module updates available.
[Modules] Checking for host updates.
[Modules] Host is up to date.
[Modules] Checking for module updates at https://discordapp.com/api/modules/stable/versions.json
[Modules] No module updates available.
[Modules] Checking for host updates.
[Modules] Host is up to date.
[Modules] Checking for module updates at https://discordapp.com/api/modules/stable/versions.json
[Modules] No module updates available.
